<?xml version="1.0" encoding="UTF-8"?>
<testsuite name="ua.home.service.TestServiceTest" tests="1" skipped="0" failures="0" errors="0" timestamp="2019-04-19T08:41:27" hostname="1212-ПК" time="0.272">
  <properties/>
  <testcase name="whenExceptionThrown_thenAssertionSucceeds" classname="ua.home.service.TestServiceTest" time="0.272"/>
  <system-out><![CDATA[]]></system-out>
  <system-err><![CDATA[SLF4J: Failed to load class "org.slf4j.impl.StaticLoggerBinder".
SLF4J: Defaulting to no-operation (NOP) logger implementation
SLF4J: See http://www.slf4j.org/codes.html#StaticLoggerBinder for further details.
апр. 19, 2019 11:41:24 ДП org.hibernate.jpa.internal.util.LogHelper logPersistenceUnitInformation
INFO: HHH000204: Processing PersistenceUnitInfo [name: default]
апр. 19, 2019 11:41:24 ДП org.hibernate.Version logVersion
INFO: HHH000412: Hibernate Core {5.4.1.Final}
апр. 19, 2019 11:41:24 ДП org.hibernate.annotations.common.reflection.java.JavaReflectionManager <clinit>
INFO: HCANN000001: Hibernate Commons Annotations {5.1.0.Final}
апр. 19, 2019 11:41:25 ДП org.hibernate.dialect.Dialect <init>
INFO: HHH000400: Using dialect: org.hibernate.dialect.MySQL8Dialect
апр. 19, 2019 11:41:26 ДП org.hibernate.engine.transaction.jta.platform.internal.JtaPlatformInitiator initiateService
INFO: HHH000490: Using JtaPlatform implementation: [org.hibernate.engine.transaction.jta.platform.internal.NoJtaPlatform]
]]></system-err>
</testsuite>
